Release 14.7 Xflow P.20131013 (lin64)
Copyright (c) 1995-2013 Xilinx, Inc.  All rights reserved.
xflow -wd implementation -p xc3s500efg320-4 -implement xflow.opt system.ngc  
PMSPEC -- Overriding Xilinx file
</opt/york/cs/net/xilinx_vivado-2015.4_ise-14.7_x86-64-1/14.7/ISE_DS/EDK/spartan
3/data/spartan3.acd> with local file
</opt/york/cs/net/xilinx_vivado-2015.4_ise-14.7_x86-64-1/14.7/ISE_DS/ISE/spartan
3/data/spartan3.acd>

Using Flow File:
/usr/userfs/a/az579/Workspace/EMBS/FPGA/P7/implementation/fpga.flw 
Using Option File(s): 
 /usr/userfs/a/az579/Workspace/EMBS/FPGA/P7/implementation/xflow.opt 

Creating Script File ... 

#----------------------------------------------#
# Starting program ngdbuild
# ngdbuild -p xc3s500efg320-4 -nt timestamp -bm system.bmm
"/usr/userfs/a/az579/Workspace/EMBS/FPGA/P7/implementation/system.ngc" -uc
system.ucf system.ngd 
#----------------------------------------------#
Release 14.7 - ngdbuild P.20131013 (lin64)
Copyright (c) 1995-2013 Xilinx, Inc.  All rights reserved.
PMSPEC -- Overriding Xilinx file
</opt/york/cs/net/xilinx_vivado-2015.4_ise-14.7_x86-64-1/14.7/ISE_DS/EDK/spartan
3/data/spartan3.acd> with local file
</opt/york/cs/net/xilinx_vivado-2015.4_ise-14.7_x86-64-1/14.7/ISE_DS/ISE/spartan
3/data/spartan3.acd>

Command Line:
/opt/york/cs/net/xilinx_vivado-2015.4_ise-14.7_x86-64-1/14.7/ISE_DS/ISE/bin/lin6
4/unwrapped/ngdbuild -p xc3s500efg320-4 -nt timestamp -bm system.bmm
/usr/userfs/a/az579/Workspace/EMBS/FPGA/P7/implementation/system.ngc -uc
system.ucf system.ngd

Reading NGO file
"/usr/userfs/a/az579/Workspace/EMBS/FPGA/P7/implementation/system.ngc" ...
Loading design module
"/usr/userfs/a/az579/Workspace/EMBS/FPGA/P7/implementation/system_microblaze_0_w
rapper.ngc"...
Loading design module
"/usr/userfs/a/az579/Workspace/EMBS/FPGA/P7/implementation/system_mb_plb_wrapper
.ngc"...
Loading design module
"/usr/userfs/a/az579/Workspace/EMBS/FPGA/P7/implementation/system_ilmb_wrapper.n
gc"...
Loading design module
"/usr/userfs/a/az579/Workspace/EMBS/FPGA/P7/implementation/system_dlmb_wrapper.n
gc"...
Loading design module
"/usr/userfs/a/az579/Workspace/EMBS/FPGA/P7/implementation/system_dlmb_cntlr_wra
pper.ngc"...
Loading design module
"/usr/userfs/a/az579/Workspace/EMBS/FPGA/P7/implementation/system_ilmb_cntlr_wra
pper.ngc"...
Loading design module
"/usr/userfs/a/az579/Workspace/EMBS/FPGA/P7/implementation/system_lmb_bram_wrapp
er.ngc"...
Loading design module
"/usr/userfs/a/az579/Workspace/EMBS/FPGA/P7/implementation/system_rs232_dce_wrap
per.ngc"...
Loading design module
"/usr/userfs/a/az579/Workspace/EMBS/FPGA/P7/implementation/system_leds_8bit_wrap
per.ngc"...
Loading design module
"/usr/userfs/a/az579/Workspace/EMBS/FPGA/P7/implementation/system_dip_switches_4
bit_wrapper.ngc"...
Loading design module
"/usr/userfs/a/az579/Workspace/EMBS/FPGA/P7/implementation/system_buttons_4bit_w
rapper.ngc"...
Loading design module
"/usr/userfs/a/az579/Workspace/EMBS/FPGA/P7/implementation/system_ddr_sdram_wrap
per.ngc"...
Loading design module
"/usr/userfs/a/az579/Workspace/EMBS/FPGA/P7/implementation/system_ethernet_mac_w
rapper.ngc"...
Loading design module
"/usr/userfs/a/az579/Workspace/EMBS/FPGA/P7/implementation/system_clock_generato
r_0_wrapper.ngc"...
Loading design module
"/usr/userfs/a/az579/Workspace/EMBS/FPGA/P7/implementation/system_mdm_0_wrapper.
ngc"...
Loading design module
"/usr/userfs/a/az579/Workspace/EMBS/FPGA/P7/implementation/system_proc_sys_reset
_0_wrapper.ngc"...
Loading design module
"/usr/userfs/a/az579/Workspace/EMBS/FPGA/P7/implementation/system_toplevel_top_0
_wrapper.ngc"...
Loading design module
"/usr/userfs/a/az579/Workspace/EMBS/FPGA/P7/implementation/system_toplevel_top_1
_wrapper.ngc"...
Loading design module
"/usr/userfs/a/az579/Workspace/EMBS/FPGA/P7/implementation/system_embs_vga_0_wra
pper.ngc"...
Applying constraints in
"/usr/userfs/a/az579/Workspace/EMBS/FPGA/P7/implementation/system_ethernet_mac_w
rapper.ncf" to module "Ethernet_MAC"...
WARNING:ConstraintSystem - The Offset constraint <OFFSET = IN 6.000 BEFORE 
   "PHY_rx_clk";>
   [/usr/userfs/a/az579/Workspace/EMBS/FPGA/P7/implementation/system_ethernet_ma
   c_wrapper.ncf(4)], is specified without a duration.  This will result in a
   lack of hold time checks in timing reports.  If hold time checks are desired
   a duration value should be specified following the 'VALID' keyword.

Checking Constraint Associations...
Gathering constraint information from source properties...
Done.

Annotating constraints to design from ucf file "system.ucf" ...
Resolving constraint associations...
Checking Constraint Associations...
INFO:ConstraintSystem:178 - TNM 'sys_clk_pin', used in period specification
   'TS_sys_clk_pin', was traced into DCM_SP instance
   clock_generator_0/DCM1_INST/Using_Virtex.DCM_INST. The following new TNM
   groups and period specifications were generated at the DCM_SP output(s): 
   CLK0: <TIMESPEC TS_clock_generator_0_clock_generator_0_SIG_DCM1_CLK0 = PERIOD
   "clock_generator_0_clock_generator_0_SIG_DCM1_CLK0" TS_sys_clk_pin HIGH 50%>

INFO:ConstraintSystem:178 - TNM 'sys_clk_pin', used in period specification
   'TS_sys_clk_pin', was traced into DCM_SP instance
   clock_generator_0/DCM1_INST/Using_Virtex.DCM_INST. The following new TNM
   groups and period specifications were generated at the DCM_SP output(s): 
   CLK2X: <TIMESPEC TS_clock_generator_0_clock_generator_0_SIG_DCM1_CLK2X =
   PERIOD "clock_generator_0_clock_generator_0_SIG_DCM1_CLK2X" TS_sys_clk_pin *
   2 HIGH 50%>

INFO:ConstraintSystem:178 - TNM 'sys_clk_pin', used in period specification
   'TS_sys_clk_pin', was traced into DCM_SP instance
   clock_generator_0/DCM1_INST/Using_Virtex.DCM_INST. The following new TNM
   groups and period specifications were generated at the DCM_SP output(s): 
   CLKFX: <TIMESPEC TS_clock_generator_0_clock_generator_0_SIG_DCM1_CLKFX =
   PERIOD "clock_generator_0_clock_generator_0_SIG_DCM1_CLKFX" TS_sys_clk_pin *
   0.8 HIGH 50%>

INFO:ConstraintSystem:178 - TNM
   'clock_generator_0_clock_generator_0_SIG_DCM1_CLK2X', used in period
   specification 'TS_clock_generator_0_clock_generator_0_SIG_DCM1_CLK2X', was
   traced into DCM_SP instance
   clock_generator_0/DCM0_INST/Using_Virtex.DCM_INST. The following new TNM
   groups and period specifications were generated at the DCM_SP output(s): 
   CLK0: <TIMESPEC TS_clock_generator_0_clock_generator_0_SIG_DCM0_CLK0 = PERIOD
   "clock_generator_0_clock_generator_0_SIG_DCM0_CLK0"
   TS_clock_generator_0_clock_generator_0_SIG_DCM1_CLK2X HIGH 50%>

INFO:ConstraintSystem:178 - TNM
   'clock_generator_0_clock_generator_0_SIG_DCM1_CLK2X', used in period
   specification 'TS_clock_generator_0_clock_generator_0_SIG_DCM1_CLK2X', was
   traced into DCM_SP instance
   clock_generator_0/DCM0_INST/Using_Virtex.DCM_INST. The following new TNM
   groups and period specifications were generated at the DCM_SP output(s): 
   CLK90: <TIMESPEC TS_clock_generator_0_clock_generator_0_SIG_DCM0_CLK90 =
   PERIOD "clock_generator_0_clock_generator_0_SIG_DCM0_CLK90"
   TS_clock_generator_0_clock_generator_0_SIG_DCM1_CLK2X PHASE 2.5 ns HIGH 50%>

WARNING:ConstraintSystem - The Offset constraint <OFFSET = IN 6000.000000000 pS
   BEFORE Ethernet_MAC/PHY_rx_clk;>, is specified without a duration.  This will
   result in a lack of hold time checks in timing reports.  If hold time checks
   are desired a duration value should be specified following the 'VALID'
   keyword.

WARNING:NgdBuild:1012 - The constraint <INST
   /system/EXPANDED/system/DDR_SDRAM/DDR_SDRAM\/mpmc_core_0\/gen_s3_ddr_phy.mpmc
   _phy_if_0\/iobs\/datapath_iobs\/gen_dqs[0].dqs_iob\/dqs_en_reg IOB = FORCE>
   is overridden on the design object
   DDR_SDRAM/DDR_SDRAM/mpmc_core_0/gen_s3_ddr_phy.mpmc_phy_if_0/iobs/datapath_io
   bs/gen_dqs[0].dqs_iob/dqs_en_reg by the constraint <INST
   "*/mpmc_core_0/gen_s3_ddr*.mpmc_phy_if_0/iobs/datapath_iobs/gen_dqs[*].dqs_io
   b*"    IOB = TRUE;> [system.ucf(370)].
WARNING:NgdBuild:1012 - The constraint <INST
   /system/EXPANDED/system/DDR_SDRAM/DDR_SDRAM\/mpmc_core_0\/gen_s3_ddr_phy.mpmc
   _phy_if_0\/iobs\/datapath_iobs\/gen_dqs[1].dqs_iob\/dqs_en_reg IOB = FORCE>
   is overridden on the design object
   DDR_SDRAM/DDR_SDRAM/mpmc_core_0/gen_s3_ddr_phy.mpmc_phy_if_0/iobs/datapath_io
   bs/gen_dqs[1].dqs_iob/dqs_en_reg by the constraint <INST
   "*/mpmc_core_0/gen_s3_ddr*.mpmc_phy_if_0/iobs/datapath_iobs/gen_dqs[*].dqs_io
   b*"    IOB = TRUE;> [system.ucf(370)].
WARNING:NgdBuild:1012 - The constraint <INST
   /system/EXPANDED/system/DDR_SDRAM/DDR_SDRAM\/mpmc_core_0\/gen_s3_ddr_phy.mpmc
   _phy_if_0\/dqs_div\/dqs_rst_iob IOB = FORCE> is overridden on the design
   object
   DDR_SDRAM/DDR_SDRAM/mpmc_core_0/gen_s3_ddr_phy.mpmc_phy_if_0/dqs_div/dqs_rst_
   iob by the constraint <INST
   "*/mpmc_core_0/gen_s3_ddr*.mpmc_phy_if_0/dqs_div/dqs_rst_iob"                
         IOB = TRUE;> [system.ucf(378)].
WARNING:NgdBuild:1012 - The constraint <INST
   /system/EXPANDED/system/DDR_SDRAM/DDR_SDRAM\/mpmc_core_0\/gen_s3_ddr_phy.mpmc
   _phy_if_0\/iobs\/controller_iobs\/gen_cke[0].cke_iob IOB = FORCE> is
   overridden on the design object
   DDR_SDRAM/DDR_SDRAM/mpmc_core_0/gen_s3_ddr_phy.mpmc_phy_if_0/iobs/controller_
   iobs/gen_cke[0].cke_iob by the constraint <INST
   "*/mpmc_core_0/gen_s3_ddr*.mpmc_phy_if_0/iobs/controller_iobs/gen_cke[*].cke_
   iob"   IOB = TRUE;> [system.ucf(374)].
WARNING:NgdBuild:1012 - The constraint <INST
   /system/EXPANDED/system/DDR_SDRAM/DDR_SDRAM\/mpmc_core_0\/gen_s3_ddr_phy.mpmc
   _phy_if_0\/iobs\/controller_iobs\/gen_ba[1].ba_iob IOB = FORCE> is overridden
   on the design object
   DDR_SDRAM/DDR_SDRAM/mpmc_core_0/gen_s3_ddr_phy.mpmc_phy_if_0/iobs/controller_
   iobs/gen_ba[1].ba_iob by the constraint <INST
   "*/mpmc_core_0/gen_s3_ddr*.mpmc_phy_if_0/iobs/controller_iobs/gen_ba[*].ba_io
   b"     IOB = TRUE;> [system.ucf(373)].
WARNING:NgdBuild:1012 - The constraint <INST
   /system/EXPANDED/system/DDR_SDRAM/DDR_SDRAM\/mpmc_core_0\/gen_s3_ddr_phy.mpmc
   _phy_if_0\/iobs\/controller_iobs\/gen_ba[0].ba_iob IOB = FORCE> is overridden
   on the design object
   DDR_SDRAM/DDR_SDRAM/mpmc_core_0/gen_s3_ddr_phy.mpmc_phy_if_0/iobs/controller_
   iobs/gen_ba[0].ba_iob by the constraint <INST
   "*/mpmc_core_0/gen_s3_ddr*.mpmc_phy_if_0/iobs/controller_iobs/gen_ba[*].ba_io
   b"     IOB = TRUE;> [system.ucf(373)].
WARNING:NgdBuild:1012 - The constraint <INST
   /system/EXPANDED/system/DDR_SDRAM/DDR_SDRAM\/mpmc_core_0\/gen_s3_ddr_phy.mpmc
   _phy_if_0\/iobs\/controller_iobs\/gen_addr[12].addr_iob IOB = FORCE> is
   overridden on the design object
   DDR_SDRAM/DDR_SDRAM/mpmc_core_0/gen_s3_ddr_phy.mpmc_phy_if_0/iobs/controller_
   iobs/gen_addr[12].addr_iob by the constraint <INST
   "*/mpmc_core_0/gen_s3_ddr*.mpmc_phy_if_0/iobs/controller_iobs/gen_addr[*].add
   r_iob" IOB = TRUE;> [system.ucf(372)].
WARNING:NgdBuild:1012 - The constraint <INST
   /system/EXPANDED/system/DDR_SDRAM/DDR_SDRAM\/mpmc_core_0\/gen_s3_ddr_phy.mpmc
   _phy_if_0\/iobs\/controller_iobs\/gen_addr[11].addr_iob IOB = FORCE> is
   overridden on the design object
   DDR_SDRAM/DDR_SDRAM/mpmc_core_0/gen_s3_ddr_phy.mpmc_phy_if_0/iobs/controller_
   iobs/gen_addr[11].addr_iob by the constraint <INST
   "*/mpmc_core_0/gen_s3_ddr*.mpmc_phy_if_0/iobs/controller_iobs/gen_addr[*].add
   r_iob" IOB = TRUE;> [system.ucf(372)].
WARNING:NgdBuild:1012 - The constraint <INST
   /system/EXPANDED/system/DDR_SDRAM/DDR_SDRAM\/mpmc_core_0\/gen_s3_ddr_phy.mpmc
   _phy_if_0\/iobs\/controller_iobs\/gen_addr[10].addr_iob IOB = FORCE> is
   overridden on the design object
   DDR_SDRAM/DDR_SDRAM/mpmc_core_0/gen_s3_ddr_phy.mpmc_phy_if_0/iobs/controller_
   iobs/gen_addr[10].addr_iob by the constraint <INST
   "*/mpmc_core_0/gen_s3_ddr*.mpmc_phy_if_0/iobs/controller_iobs/gen_addr[*].add
   r_iob" IOB = TRUE;> [system.ucf(372)].
WARNING:NgdBuild:1012 - The constraint <INST
   /system/EXPANDED/system/DDR_SDRAM/DDR_SDRAM\/mpmc_core_0\/gen_s3_ddr_phy.mpmc
   _phy_if_0\/iobs\/controller_iobs\/gen_addr[9].addr_iob IOB = FORCE> is
   overridden on the design object
   DDR_SDRAM/DDR_SDRAM/mpmc_core_0/gen_s3_ddr_phy.mpmc_phy_if_0/iobs/controller_
   iobs/gen_addr[9].addr_iob by the constraint <INST
   "*/mpmc_core_0/gen_s3_ddr*.mpmc_phy_if_0/iobs/controller_iobs/gen_addr[*].add
   r_iob" IOB = TRUE;> [system.ucf(372)].
WARNING:NgdBuild:1012 - The constraint <INST
   /system/EXPANDED/system/DDR_SDRAM/DDR_SDRAM\/mpmc_core_0\/gen_s3_ddr_phy.mpmc
   _phy_if_0\/iobs\/controller_iobs\/gen_addr[8].addr_iob IOB = FORCE> is
   overridden on the design object
   DDR_SDRAM/DDR_SDRAM/mpmc_core_0/gen_s3_ddr_phy.mpmc_phy_if_0/iobs/controller_
   iobs/gen_addr[8].addr_iob by the constraint <INST
   "*/mpmc_core_0/gen_s3_ddr*.mpmc_phy_if_0/iobs/controller_iobs/gen_addr[*].add
   r_iob" IOB = TRUE;> [system.ucf(372)].
WARNING:NgdBuild:1012 - The constraint <INST
   /system/EXPANDED/system/DDR_SDRAM/DDR_SDRAM\/mpmc_core_0\/gen_s3_ddr_phy.mpmc
   _phy_if_0\/iobs\/controller_iobs\/gen_addr[7].addr_iob IOB = FORCE> is
   overridden on the design object
   DDR_SDRAM/DDR_SDRAM/mpmc_core_0/gen_s3_ddr_phy.mpmc_phy_if_0/iobs/controller_
   iobs/gen_addr[7].addr_iob by the constraint <INST
   "*/mpmc_core_0/gen_s3_ddr*.mpmc_phy_if_0/iobs/controller_iobs/gen_addr[*].add
   r_iob" IOB = TRUE;> [system.ucf(372)].
WARNING:NgdBuild:1012 - The constraint <INST
   /system/EXPANDED/system/DDR_SDRAM/DDR_SDRAM\/mpmc_core_0\/gen_s3_ddr_phy.mpmc
   _phy_if_0\/iobs\/controller_iobs\/gen_addr[6].addr_iob IOB = FORCE> is
   overridden on the design object
   DDR_SDRAM/DDR_SDRAM/mpmc_core_0/gen_s3_ddr_phy.mpmc_phy_if_0/iobs/controller_
   iobs/gen_addr[6].addr_iob by the constraint <INST
   "*/mpmc_core_0/gen_s3_ddr*.mpmc_phy_if_0/iobs/controller_iobs/gen_addr[*].add
   r_iob" IOB = TRUE;> [system.ucf(372)].
WARNING:NgdBuild:1012 - The constraint <INST
   /system/EXPANDED/system/DDR_SDRAM/DDR_SDRAM\/mpmc_core_0\/gen_s3_ddr_phy.mpmc
   _phy_if_0\/iobs\/controller_iobs\/gen_addr[5].addr_iob IOB = FORCE> is
   overridden on the design object
   DDR_SDRAM/DDR_SDRAM/mpmc_core_0/gen_s3_ddr_phy.mpmc_phy_if_0/iobs/controller_
   iobs/gen_addr[5].addr_iob by the constraint <INST
   "*/mpmc_core_0/gen_s3_ddr*.mpmc_phy_if_0/iobs/controller_iobs/gen_addr[*].add
   r_iob" IOB = TRUE;> [system.ucf(372)].
WARNING:NgdBuild:1012 - The constraint <INST
   /system/EXPANDED/system/DDR_SDRAM/DDR_SDRAM\/mpmc_core_0\/gen_s3_ddr_phy.mpmc
   _phy_if_0\/iobs\/controller_iobs\/gen_addr[4].addr_iob IOB = FORCE> is
   overridden on the design object
   DDR_SDRAM/DDR_SDRAM/mpmc_core_0/gen_s3_ddr_phy.mpmc_phy_if_0/iobs/controller_
   iobs/gen_addr[4].addr_iob by the constraint <INST
   "*/mpmc_core_0/gen_s3_ddr*.mpmc_phy_if_0/iobs/controller_iobs/gen_addr[*].add
   r_iob" IOB = TRUE;> [system.ucf(372)].
WARNING:NgdBuild:1012 - The constraint <INST
   /system/EXPANDED/system/DDR_SDRAM/DDR_SDRAM\/mpmc_core_0\/gen_s3_ddr_phy.mpmc
   _phy_if_0\/iobs\/controller_iobs\/gen_addr[3].addr_iob IOB = FORCE> is
   overridden on the design object
   DDR_SDRAM/DDR_SDRAM/mpmc_core_0/gen_s3_ddr_phy.mpmc_phy_if_0/iobs/controller_
   iobs/gen_addr[3].addr_iob by the constraint <INST
   "*/mpmc_core_0/gen_s3_ddr*.mpmc_phy_if_0/iobs/controller_iobs/gen_addr[*].add
   r_iob" IOB = TRUE;> [system.ucf(372)].
WARNING:NgdBuild:1012 - The constraint <INST
   /system/EXPANDED/system/DDR_SDRAM/DDR_SDRAM\/mpmc_core_0\/gen_s3_ddr_phy.mpmc
   _phy_if_0\/iobs\/controller_iobs\/gen_addr[2].addr_iob IOB = FORCE> is
   overridden on the design object
   DDR_SDRAM/DDR_SDRAM/mpmc_core_0/gen_s3_ddr_phy.mpmc_phy_if_0/iobs/controller_
   iobs/gen_addr[2].addr_iob by the constraint <INST
   "*/mpmc_core_0/gen_s3_ddr*.mpmc_phy_if_0/iobs/controller_iobs/gen_addr[*].add
   r_iob" IOB = TRUE;> [system.ucf(372)].
WARNING:NgdBuild:1012 - The constraint <INST
   /system/EXPANDED/system/DDR_SDRAM/DDR_SDRAM\/mpmc_core_0\/gen_s3_ddr_phy.mpmc
   _phy_if_0\/iobs\/controller_iobs\/gen_addr[1].addr_iob IOB = FORCE> is
   overridden on the design object
   DDR_SDRAM/DDR_SDRAM/mpmc_core_0/gen_s3_ddr_phy.mpmc_phy_if_0/iobs/controller_
   iobs/gen_addr[1].addr_iob by the constraint <INST
   "*/mpmc_core_0/gen_s3_ddr*.mpmc_phy_if_0/iobs/controller_iobs/gen_addr[*].add
   r_iob" IOB = TRUE;> [system.ucf(372)].
WARNING:NgdBuild:1012 - The constraint <INST
   /system/EXPANDED/system/DDR_SDRAM/DDR_SDRAM\/mpmc_core_0\/gen_s3_ddr_phy.mpmc
   _phy_if_0\/iobs\/controller_iobs\/gen_addr[0].addr_iob IOB = FORCE> is
   overridden on the design object
   DDR_SDRAM/DDR_SDRAM/mpmc_core_0/gen_s3_ddr_phy.mpmc_phy_if_0/iobs/controller_
   iobs/gen_addr[0].addr_iob by the constraint <INST
   "*/mpmc_core_0/gen_s3_ddr*.mpmc_phy_if_0/iobs/controller_iobs/gen_addr[*].add
   r_iob" IOB = TRUE;> [system.ucf(372)].
WARNING:NgdBuild:1012 - The constraint <INST
   /system/EXPANDED/system/DDR_SDRAM/DDR_SDRAM\/mpmc_core_0\/gen_s3_ddr_phy.mpmc
   _phy_if_0\/iobs\/controller_iobs\/cas_iob IOB = FORCE> is overridden on the
   design object
   DDR_SDRAM/DDR_SDRAM/mpmc_core_0/gen_s3_ddr_phy.mpmc_phy_if_0/iobs/controller_
   iobs/cas_iob by the constraint <INST
   "*/mpmc_core_0/gen_s3_ddr*.mpmc_phy_if_0/iobs/controller_iobs/cas_iob"       
         IOB = TRUE;> [system.ucf(376)].
WARNING:NgdBuild:1012 - The constraint <INST
   /system/EXPANDED/system/DDR_SDRAM/DDR_SDRAM\/mpmc_core_0\/gen_s3_ddr_phy.mpmc
   _phy_if_0\/iobs\/controller_iobs\/ras_iob IOB = FORCE> is overridden on the
   design object
   DDR_SDRAM/DDR_SDRAM/mpmc_core_0/gen_s3_ddr_phy.mpmc_phy_if_0/iobs/controller_
   iobs/ras_iob by the constraint <INST
   "*/mpmc_core_0/gen_s3_ddr*.mpmc_phy_if_0/iobs/controller_iobs/ras_iob"       
         IOB = TRUE;> [system.ucf(375)].
WARNING:NgdBuild:1012 - The constraint <INST
   /system/EXPANDED/system/DDR_SDRAM/DDR_SDRAM\/mpmc_core_0\/gen_s3_ddr_phy.mpmc
   _phy_if_0\/iobs\/controller_iobs\/we_iob IOB = FORCE> is overridden on the
   design object
   DDR_SDRAM/DDR_SDRAM/mpmc_core_0/gen_s3_ddr_phy.mpmc_phy_if_0/iobs/controller_
   iobs/we_iob by the constraint <INST
   "*/mpmc_core_0/gen_s3_ddr*.mpmc_phy_if_0/iobs/controller_iobs/we_iob"        
         IOB = TRUE;> [system.ucf(377)].
WARNING:NgdBuild:1012 - The constraint <INST
   /system/EXPANDED/system/DDR_SDRAM/DDR_SDRAM\/mpmc_core_0\/gen_s3_ddr_phy.mpmc
   _phy_if_0\/iobs\/datapath_iobs\/gen_dq[0].dq_iob\/DQ_T IOB = FORCE> is
   overridden on the design object
   DDR_SDRAM/DDR_SDRAM/mpmc_core_0/gen_s3_ddr_phy.mpmc_phy_if_0/iobs/datapath_io
   bs/gen_dq[0].dq_iob/DQ_T by the constraint <INST
   "*/mpmc_core_0/gen_s3_ddr*.mpmc_phy_if_0/iobs/datapath_iobs/gen_dq[*].dq_iob*
   "      IOB = TRUE;> [system.ucf(371)].
WARNING:NgdBuild:1012 - The constraint <INST
   /system/EXPANDED/system/DDR_SDRAM/DDR_SDRAM\/mpmc_core_0\/gen_s3_ddr_phy.mpmc
   _phy_if_0\/iobs\/datapath_iobs\/gen_dq[1].dq_iob\/DQ_T IOB = FORCE> is
   overridden on the design object
   DDR_SDRAM/DDR_SDRAM/mpmc_core_0/gen_s3_ddr_phy.mpmc_phy_if_0/iobs/datapath_io
   bs/gen_dq[1].dq_iob/DQ_T by the constraint <INST
   "*/mpmc_core_0/gen_s3_ddr*.mpmc_phy_if_0/iobs/datapath_iobs/gen_dq[*].dq_iob*
   "      IOB = TRUE;> [system.ucf(371)].
WARNING:NgdBuild:1012 - The constraint <INST
   /system/EXPANDED/system/DDR_SDRAM/DDR_SDRAM\/mpmc_core_0\/gen_s3_ddr_phy.mpmc
   _phy_if_0\/iobs\/datapath_iobs\/gen_dq[2].dq_iob\/DQ_T IOB = FORCE> is
   overridden on the design object
   DDR_SDRAM/DDR_SDRAM/mpmc_core_0/gen_s3_ddr_phy.mpmc_phy_if_0/iobs/datapath_io
   bs/gen_dq[2].dq_iob/DQ_T by the constraint <INST
   "*/mpmc_core_0/gen_s3_ddr*.mpmc_phy_if_0/iobs/datapath_iobs/gen_dq[*].dq_iob*
   "      IOB = TRUE;> [system.ucf(371)].
WARNING:NgdBuild:1012 - The constraint <INST
   /system/EXPANDED/system/DDR_SDRAM/DDR_SDRAM\/mpmc_core_0\/gen_s3_ddr_phy.mpmc
   _phy_if_0\/iobs\/datapath_iobs\/gen_dq[3].dq_iob\/DQ_T IOB = FORCE> is
   overridden on the design object
   DDR_SDRAM/DDR_SDRAM/mpmc_core_0/gen_s3_ddr_phy.mpmc_phy_if_0/iobs/datapath_io
   bs/gen_dq[3].dq_iob/DQ_T by the constraint <INST
   "*/mpmc_core_0/gen_s3_ddr*.mpmc_phy_if_0/iobs/datapath_iobs/gen_dq[*].dq_iob*
   "      IOB = TRUE;> [system.ucf(371)].
WARNING:NgdBuild:1012 - The constraint <INST
   /system/EXPANDED/system/DDR_SDRAM/DDR_SDRAM\/mpmc_core_0\/gen_s3_ddr_phy.mpmc
   _phy_if_0\/iobs\/datapath_iobs\/gen_dq[4].dq_iob\/DQ_T IOB = FORCE> is
   overridden on the design object
   DDR_SDRAM/DDR_SDRAM/mpmc_core_0/gen_s3_ddr_phy.mpmc_phy_if_0/iobs/datapath_io
   bs/gen_dq[4].dq_iob/DQ_T by the constraint <INST
   "*/mpmc_core_0/gen_s3_ddr*.mpmc_phy_if_0/iobs/datapath_iobs/gen_dq[*].dq_iob*
   "      IOB = TRUE;> [system.ucf(371)].
WARNING:NgdBuild:1012 - The constraint <INST
   /system/EXPANDED/system/DDR_SDRAM/DDR_SDRAM\/mpmc_core_0\/gen_s3_ddr_phy.mpmc
   _phy_if_0\/iobs\/datapath_iobs\/gen_dq[5].dq_iob\/DQ_T IOB = FORCE> is
   overridden on the design object
   DDR_SDRAM/DDR_SDRAM/mpmc_core_0/gen_s3_ddr_phy.mpmc_phy_if_0/iobs/datapath_io
   bs/gen_dq[5].dq_iob/DQ_T by the constraint <INST
   "*/mpmc_core_0/gen_s3_ddr*.mpmc_phy_if_0/iobs/datapath_iobs/gen_dq[*].dq_iob*
   "      IOB = TRUE;> [system.ucf(371)].
WARNING:NgdBuild:1012 - The constraint <INST
   /system/EXPANDED/system/DDR_SDRAM/DDR_SDRAM\/mpmc_core_0\/gen_s3_ddr_phy.mpmc
   _phy_if_0\/iobs\/datapath_iobs\/gen_dq[6].dq_iob\/DQ_T IOB = FORCE> is
   overridden on the design object
   DDR_SDRAM/DDR_SDRAM/mpmc_core_0/gen_s3_ddr_phy.mpmc_phy_if_0/iobs/datapath_io
   bs/gen_dq[6].dq_iob/DQ_T by the constraint <INST
   "*/mpmc_core_0/gen_s3_ddr*.mpmc_phy_if_0/iobs/datapath_iobs/gen_dq[*].dq_iob*
   "      IOB = TRUE;> [system.ucf(371)].
WARNING:NgdBuild:1012 - The constraint <INST
   /system/EXPANDED/system/DDR_SDRAM/DDR_SDRAM\/mpmc_core_0\/gen_s3_ddr_phy.mpmc
   _phy_if_0\/iobs\/datapath_iobs\/gen_dq[7].dq_iob\/DQ_T IOB = FORCE> is
   overridden on the design object
   DDR_SDRAM/DDR_SDRAM/mpmc_core_0/gen_s3_ddr_phy.mpmc_phy_if_0/iobs/datapath_io
   bs/gen_dq[7].dq_iob/DQ_T by the constraint <INST
   "*/mpmc_core_0/gen_s3_ddr*.mpmc_phy_if_0/iobs/datapath_iobs/gen_dq[*].dq_iob*
   "      IOB = TRUE;> [system.ucf(371)].
WARNING:NgdBuild:1012 - The constraint <INST
   /system/EXPANDED/system/DDR_SDRAM/DDR_SDRAM\/mpmc_core_0\/gen_s3_ddr_phy.mpmc
   _phy_if_0\/iobs\/datapath_iobs\/gen_dq[8].dq_iob\/DQ_T IOB = FORCE> is
   overridden on the design object
   DDR_SDRAM/DDR_SDRAM/mpmc_core_0/gen_s3_ddr_phy.mpmc_phy_if_0/iobs/datapath_io
   bs/gen_dq[8].dq_iob/DQ_T by the constraint <INST
   "*/mpmc_core_0/gen_s3_ddr*.mpmc_phy_if_0/iobs/datapath_iobs/gen_dq[*].dq_iob*
   "      IOB = TRUE;> [system.ucf(371)].
WARNING:NgdBuild:1012 - The constraint <INST
   /system/EXPANDED/system/DDR_SDRAM/DDR_SDRAM\/mpmc_core_0\/gen_s3_ddr_phy.mpmc
   _phy_if_0\/iobs\/datapath_iobs\/gen_dq[9].dq_iob\/DQ_T IOB = FORCE> is
   overridden on the design object
   DDR_SDRAM/DDR_SDRAM/mpmc_core_0/gen_s3_ddr_phy.mpmc_phy_if_0/iobs/datapath_io
   bs/gen_dq[9].dq_iob/DQ_T by the constraint <INST
   "*/mpmc_core_0/gen_s3_ddr*.mpmc_phy_if_0/iobs/datapath_iobs/gen_dq[*].dq_iob*
   "      IOB = TRUE;> [system.ucf(371)].
WARNING:NgdBuild:1012 - The constraint <INST
   /system/EXPANDED/system/DDR_SDRAM/DDR_SDRAM\/mpmc_core_0\/gen_s3_ddr_phy.mpmc
   _phy_if_0\/iobs\/datapath_iobs\/gen_dq[10].dq_iob\/DQ_T IOB = FORCE> is
   overridden on the design object
   DDR_SDRAM/DDR_SDRAM/mpmc_core_0/gen_s3_ddr_phy.mpmc_phy_if_0/iobs/datapath_io
   bs/gen_dq[10].dq_iob/DQ_T by the constraint <INST
   "*/mpmc_core_0/gen_s3_ddr*.mpmc_phy_if_0/iobs/datapath_iobs/gen_dq[*].dq_iob*
   "      IOB = TRUE;> [system.ucf(371)].
WARNING:NgdBuild:1012 - The constraint <INST
   /system/EXPANDED/system/DDR_SDRAM/DDR_SDRAM\/mpmc_core_0\/gen_s3_ddr_phy.mpmc
   _phy_if_0\/iobs\/datapath_iobs\/gen_dq[11].dq_iob\/DQ_T IOB = FORCE> is
   overridden on the design object
   DDR_SDRAM/DDR_SDRAM/mpmc_core_0/gen_s3_ddr_phy.mpmc_phy_if_0/iobs/datapath_io
   bs/gen_dq[11].dq_iob/DQ_T by the constraint <INST
   "*/mpmc_core_0/gen_s3_ddr*.mpmc_phy_if_0/iobs/datapath_iobs/gen_dq[*].dq_iob*
   "      IOB = TRUE;> [system.ucf(371)].
WARNING:NgdBuild:1012 - The constraint <INST
   /system/EXPANDED/system/DDR_SDRAM/DDR_SDRAM\/mpmc_core_0\/gen_s3_ddr_phy.mpmc
   _phy_if_0\/iobs\/datapath_iobs\/gen_dq[12].dq_iob\/DQ_T IOB = FORCE> is
   overridden on the design object
   DDR_SDRAM/DDR_SDRAM/mpmc_core_0/gen_s3_ddr_phy.mpmc_phy_if_0/iobs/datapath_io
   bs/gen_dq[12].dq_iob/DQ_T by the constraint <INST
   "*/mpmc_core_0/gen_s3_ddr*.mpmc_phy_if_0/iobs/datapath_iobs/gen_dq[*].dq_iob*
   "      IOB = TRUE;> [system.ucf(371)].
WARNING:NgdBuild:1012 - The constraint <INST
   /system/EXPANDED/system/DDR_SDRAM/DDR_SDRAM\/mpmc_core_0\/gen_s3_ddr_phy.mpmc
   _phy_if_0\/iobs\/datapath_iobs\/gen_dq[13].dq_iob\/DQ_T IOB = FORCE> is
   overridden on the design object
   DDR_SDRAM/DDR_SDRAM/mpmc_core_0/gen_s3_ddr_phy.mpmc_phy_if_0/iobs/datapath_io
   bs/gen_dq[13].dq_iob/DQ_T by the constraint <INST
   "*/mpmc_core_0/gen_s3_ddr*.mpmc_phy_if_0/iobs/datapath_iobs/gen_dq[*].dq_iob*
   "      IOB = TRUE;> [system.ucf(371)].
WARNING:NgdBuild:1012 - The constraint <INST
   /system/EXPANDED/system/DDR_SDRAM/DDR_SDRAM\/mpmc_core_0\/gen_s3_ddr_phy.mpmc
   _phy_if_0\/iobs\/datapath_iobs\/gen_dq[14].dq_iob\/DQ_T IOB = FORCE> is
   overridden on the design object
   DDR_SDRAM/DDR_SDRAM/mpmc_core_0/gen_s3_ddr_phy.mpmc_phy_if_0/iobs/datapath_io
   bs/gen_dq[14].dq_iob/DQ_T by the constraint <INST
   "*/mpmc_core_0/gen_s3_ddr*.mpmc_phy_if_0/iobs/datapath_iobs/gen_dq[*].dq_iob*
   "      IOB = TRUE;> [system.ucf(371)].
WARNING:NgdBuild:1012 - The constraint <INST
   /system/EXPANDED/system/DDR_SDRAM/DDR_SDRAM\/mpmc_core_0\/gen_s3_ddr_phy.mpmc
   _phy_if_0\/iobs\/datapath_iobs\/gen_dq[15].dq_iob\/DQ_T IOB = FORCE> is
   overridden on the design object
   DDR_SDRAM/DDR_SDRAM/mpmc_core_0/gen_s3_ddr_phy.mpmc_phy_if_0/iobs/datapath_io
   bs/gen_dq[15].dq_iob/DQ_T by the constraint <INST
   "*/mpmc_core_0/gen_s3_ddr*.mpmc_phy_if_0/iobs/datapath_iobs/gen_dq[*].dq_iob*
   "      IOB = TRUE;> [system.ucf(371)].
Done...

Processing BMM file "system.bmm" ...

INFO:NgdBuild:1222 - Setting CLKIN_PERIOD attribute associated with DCM instance
   clock_generator_0/DCM0_INST/Using_Virtex.DCM_INST to 10.000000 ns based on
   the period specification (<TIMESPEC
   TS_clock_generator_0_clock_generator_0_SIG_DCM1_CLK2X = PERIOD
   "clock_generator_0_clock_generator_0_SIG_DCM1_CLK2X" TS_sys_clk_pin * 2 HIGH
   50%>).
Checking expanded design ...
WARNING:NgdBuild:443 - SFF primitive
   'DDR_SDRAM/DDR_SDRAM/mpmc_core_0/gen_s3_ddr_phy.mpmc_phy_if_0/infrastructure/
   cal_top/tap_dly/gen_tap2[30].u' has unconnected output pin
WARNING:NgdBuild:443 - SFF primitive
   'DDR_SDRAM/DDR_SDRAM/mpmc_core_0/gen_s3_ddr_phy.mpmc_phy_if_0/infrastructure/
   cal_top/tap_dly/gen_tap2[29].u' has unconnected output pin
WARNING:NgdBuild:443 - SFF primitive
   'DDR_SDRAM/DDR_SDRAM/mpmc_core_0/gen_s3_ddr_phy.mpmc_phy_if_0/infrastructure/
   cal_top/tap_dly/gen_tap2[28].u' has unconnected output pin
WARNING:NgdBuild:443 - SFF primitive
   'DDR_SDRAM/DDR_SDRAM/mpmc_core_0/gen_s3_ddr_phy.mpmc_phy_if_0/infrastructure/
   cal_top/tap_dly/gen_tap2[27].u' has unconnected output pin
WARNING:NgdBuild:443 - SFF primitive
   'DDR_SDRAM/DDR_SDRAM/mpmc_core_0/gen_s3_ddr_phy.mpmc_phy_if_0/infrastructure/
   cal_top/tap_dly/gen_tap2[26].u' has unconnected output pin
WARNING:NgdBuild:443 - SFF primitive
   'DDR_SDRAM/DDR_SDRAM/mpmc_core_0/gen_s3_ddr_phy.mpmc_phy_if_0/infrastructure/
   cal_top/tap_dly/gen_tap2[25].u' has unconnected output pin
WARNING:NgdBuild:443 - SFF primitive
   'DDR_SDRAM/DDR_SDRAM/mpmc_core_0/gen_s3_ddr_phy.mpmc_phy_if_0/infrastructure/
   cal_top/tap_dly/gen_tap2[24].u' has unconnected output pin
WARNING:NgdBuild:443 - SFF primitive
   'DDR_SDRAM/DDR_SDRAM/mpmc_core_0/gen_s3_ddr_phy.mpmc_phy_if_0/infrastructure/
   cal_top/tap_dly/gen_tap2[23].u' has unconnected output pin
WARNING:NgdBuild:443 - SFF primitive
   'DDR_SDRAM/DDR_SDRAM/mpmc_core_0/gen_s3_ddr_phy.mpmc_phy_if_0/infrastructure/
   cal_top/tap_dly/gen_tap2[22].u' has unconnected output pin
WARNING:NgdBuild:443 - SFF primitive
   'DDR_SDRAM/DDR_SDRAM/mpmc_core_0/gen_s3_ddr_phy.mpmc_phy_if_0/infrastructure/
   cal_top/tap_dly/gen_tap2[21].u' has unconnected output pin
WARNING:NgdBuild:443 - SFF primitive
   'DDR_SDRAM/DDR_SDRAM/mpmc_core_0/gen_s3_ddr_phy.mpmc_phy_if_0/infrastructure/
   cal_top/tap_dly/gen_tap2[20].u' has unconnected output pin
WARNING:NgdBuild:443 - SFF primitive
   'DDR_SDRAM/DDR_SDRAM/mpmc_core_0/gen_s3_ddr_phy.mpmc_phy_if_0/infrastructure/
   cal_top/tap_dly/gen_tap2[19].u' has unconnected output pin
WARNING:NgdBuild:443 - SFF primitive
   'DDR_SDRAM/DDR_SDRAM/mpmc_core_0/gen_s3_ddr_phy.mpmc_phy_if_0/infrastructure/
   cal_top/tap_dly/gen_tap2[18].u' has unconnected output pin
WARNING:NgdBuild:443 - SFF primitive
   'DDR_SDRAM/DDR_SDRAM/mpmc_core_0/gen_s3_ddr_phy.mpmc_phy_if_0/infrastructure/
   cal_top/tap_dly/gen_tap2[17].u' has unconnected output pin
WARNING:NgdBuild:443 - SFF primitive
   'DDR_SDRAM/DDR_SDRAM/mpmc_core_0/gen_s3_ddr_phy.mpmc_phy_if_0/infrastructure/
   cal_top/tap_dly/gen_tap2[16].u' has unconnected output pin
WARNING:NgdBuild:443 - SFF primitive
   'DDR_SDRAM/DDR_SDRAM/mpmc_core_0/gen_s3_ddr_phy.mpmc_phy_if_0/infrastructure/
   cal_top/tap_dly/gen_tap2[15].u' has unconnected output pin
WARNING:NgdBuild:443 - SFF primitive
   'DDR_SDRAM/DDR_SDRAM/mpmc_core_0/gen_s3_ddr_phy.mpmc_phy_if_0/infrastructure/
   cal_top/tap_dly/gen_tap2[14].u' has unconnected output pin
WARNING:NgdBuild:443 - SFF primitive
   'DDR_SDRAM/DDR_SDRAM/mpmc_core_0/gen_s3_ddr_phy.mpmc_phy_if_0/infrastructure/
   cal_top/tap_dly/gen_tap2[13].u' has unconnected output pin
WARNING:NgdBuild:443 - SFF primitive
   'DDR_SDRAM/DDR_SDRAM/mpmc_core_0/gen_s3_ddr_phy.mpmc_phy_if_0/infrastructure/
   cal_top/tap_dly/gen_tap2[12].u' has unconnected output pin
WARNING:NgdBuild:443 - SFF primitive
   'DDR_SDRAM/DDR_SDRAM/mpmc_core_0/gen_s3_ddr_phy.mpmc_phy_if_0/infrastructure/
   cal_top/tap_dly/gen_tap2[11].u' has unconnected output pin
WARNING:NgdBuild:443 - SFF primitive
   'DDR_SDRAM/DDR_SDRAM/mpmc_core_0/gen_s3_ddr_phy.mpmc_phy_if_0/infrastructure/
   cal_top/tap_dly/gen_tap2[10].u' has unconnected output pin
WARNING:NgdBuild:443 - SFF primitive
   'DDR_SDRAM/DDR_SDRAM/mpmc_core_0/gen_s3_ddr_phy.mpmc_phy_if_0/infrastructure/
   cal_top/tap_dly/gen_tap2[9].u' has unconnected output pin
WARNING:NgdBuild:443 - SFF primitive
   'DDR_SDRAM/DDR_SDRAM/mpmc_core_0/gen_s3_ddr_phy.mpmc_phy_if_0/infrastructure/
   cal_top/tap_dly/gen_tap2[8].u' has unconnected output pin
WARNING:NgdBuild:443 - SFF primitive
   'DDR_SDRAM/DDR_SDRAM/mpmc_core_0/gen_s3_ddr_phy.mpmc_phy_if_0/infrastructure/
   cal_top/tap_dly/gen_tap2[7].u' has unconnected output pin
WARNING:NgdBuild:443 - SFF primitive
   'DDR_SDRAM/DDR_SDRAM/mpmc_core_0/gen_s3_ddr_phy.mpmc_phy_if_0/infrastructure/
   cal_top/tap_dly/gen_tap2[6].u' has unconnected output pin
WARNING:NgdBuild:443 - SFF primitive
   'DDR_SDRAM/DDR_SDRAM/mpmc_core_0/gen_s3_ddr_phy.mpmc_phy_if_0/infrastructure/
   cal_top/tap_dly/gen_tap2[5].u' has unconnected output pin
WARNING:NgdBuild:443 - SFF primitive
   'DDR_SDRAM/DDR_SDRAM/mpmc_core_0/gen_s3_ddr_phy.mpmc_phy_if_0/infrastructure/
   cal_top/tap_dly/gen_tap2[4].u' has unconnected output pin
WARNING:NgdBuild:443 - SFF primitive
   'DDR_SDRAM/DDR_SDRAM/mpmc_core_0/gen_s3_ddr_phy.mpmc_phy_if_0/infrastructure/
   cal_top/tap_dly/gen_tap2[3].u' has unconnected output pin
WARNING:NgdBuild:443 - SFF primitive
   'DDR_SDRAM/DDR_SDRAM/mpmc_core_0/gen_s3_ddr_phy.mpmc_phy_if_0/infrastructure/
   cal_top/tap_dly/gen_tap2[2].u' has unconnected output pin
WARNING:NgdBuild:443 - SFF primitive
   'DDR_SDRAM/DDR_SDRAM/mpmc_core_0/gen_s3_ddr_phy.mpmc_phy_if_0/infrastructure/
   cal_top/tap_dly/gen_tap2[1].u' has unconnected output pin
WARNING:NgdBuild:443 - SFF primitive
   'DDR_SDRAM/DDR_SDRAM/mpmc_core_0/gen_s3_ddr_phy.mpmc_phy_if_0/infrastructure/
   cal_top/tap_dly/gen_tap2[0].u' has unconnected output pin
WARNING:NgdBuild:443 - SFF primitive
   'DDR_SDRAM/DDR_SDRAM/mpmc_core_0/gen_s3_ddr_phy.mpmc_phy_if_0/infrastructure/
   cal_top/tap_dly/u31' has unconnected output pin
WARNING:NgdBuild:443 - SFF primitive
   'Ethernet_MAC/Ethernet_MAC/XEMAC_I/EMAC_I/COLLISION_SYNC' has unconnected
   output pin
WARNING:NgdBuild:443 - SFF primitive
   'Ethernet_MAC/Ethernet_MAC/XEMAC_I/XPS_IPIF_I/PLBV46_BURST_I/I_SLAVE_ATTACHME
   NT/I_DECODER/MEM_DECODE_GEN[0].GEN_PLB_SHARED.I_BKEND_CS_REG' has unconnected
   output pin
WARNING:NgdBuild:443 - SFF primitive
   'Ethernet_MAC/Ethernet_MAC/XEMAC_I/XPS_IPIF_I/PLBV46_BURST_I/I_SLAVE_ATTACHME
   NT/I_BURST_SUPPORT/RESPONSE_DBEAT_CNTR_I/STRUCTURAL_A_GEN.I_ADDSUB_GEN[6].FDR
   E_I' has unconnected output pin
WARNING:NgdBuild:443 - SFF primitive
   'Ethernet_MAC/Ethernet_MAC/XEMAC_I/XPS_IPIF_I/PLBV46_BURST_I/I_SLAVE_ATTACHME
   NT/I_BURST_SUPPORT/CONTROL_DBEAT_CNTR_I/STRUCTURAL_A_GEN.I_ADDSUB_GEN[6].FDRE
   _I' has unconnected output pin
WARNING:NgdBuild:443 - SFF primitive
   'Ethernet_MAC/Ethernet_MAC/XEMAC_I/XPS_IPIF_I/PLBV46_BURST_I/I_SLAVE_ATTACHME
   NT/I_BUS_ADDRESS_COUNTER/I_FLEX_ADDR_CNTR/LDMUX_FDRSE_0to3[0].I_FDRSE_BE0to3'
   has unconnected output pin
WARNING:NgdBuild:443 - SFF primitive
   'Ethernet_MAC/Ethernet_MAC/XEMAC_I/XPS_IPIF_I/PLBV46_BURST_I/I_SLAVE_ATTACHME
   NT/I_BUS_ADDRESS_COUNTER/I_FLEX_ADDR_CNTR/LDMUX_FDRSE_0to3[1].I_FDRSE_BE0to3'
   has unconnected output pin
WARNING:NgdBuild:443 - SFF primitive
   'Ethernet_MAC/Ethernet_MAC/XEMAC_I/XPS_IPIF_I/PLBV46_BURST_I/I_SLAVE_ATTACHME
   NT/I_BUS_ADDRESS_COUNTER/I_FLEX_ADDR_CNTR/LDMUX_FDRSE_0to3[2].I_FDRSE_BE0to3'
   has unconnected output pin
WARNING:NgdBuild:443 - SFF primitive
   'Ethernet_MAC/Ethernet_MAC/XEMAC_I/XPS_IPIF_I/PLBV46_BURST_I/I_SLAVE_ATTACHME
   NT/I_BUS_ADDRESS_COUNTER/I_FLEX_ADDR_CNTR/LDMUX_FDRSE_0to3[3].I_FDRSE_BE0to3'
   has unconnected output pin
WARNING:NgdBuild:443 - SFF primitive
   'Ethernet_MAC/Ethernet_MAC/XEMAC_I/XPS_IPIF_I/PLBV46_BURST_I/I_SLAVE_ATTACHME
   NT/I_BUS_ADDRESS_COUNTER/GEN_FOR_SHARED.GEN_S_H_SIZE_REG[0].I_SIZE_S_H_REG'
   has unconnected output pin
WARNING:NgdBuild:443 - SFF primitive
   'Ethernet_MAC/Ethernet_MAC/XEMAC_I/XPS_IPIF_I/PLBV46_BURST_I/I_SLAVE_ATTACHME
   NT/I_STEER_ADDRESS_COUNTER/GEN_FOR_SHARED.GEN_S_H_SIZE_REG[0].I_SIZE_S_H_REG'
   has unconnected output pin
WARNING:NgdBuild:443 - SFF primitive
   'embs_vga_0/embs_vga_0/PLBV46_MASTER_BURST_I/I_RD_WR_CONTROL/I_MD_ERROR_REG'
   has unconnected output pin
WARNING:NgdBuild:443 - SFF primitive
   'embs_vga_0/embs_vga_0/PLBV46_MASTER_BURST_I/I_RD_WR_CONTROL/I_WRERR_REG' has
   unconnected output pin
WARNING:NgdBuild:443 - SFF primitive
   'embs_vga_0/embs_vga_0/PLBV46_MASTER_BURST_I/I_RD_WR_CONTROL/I_RDERR_REG' has
   unconnected output pin
WARNING:NgdBuild:443 - SFF primitive
   'embs_vga_0/embs_vga_0/PLBV46_MASTER_BURST_I/I_RD_WR_CONTROL/I_FIFO_REN_WRACK
   _REG' has unconnected output pin
WARNING:NgdBuild:452 - logical net 'N24' has no driver
WARNING:NgdBuild:452 - logical net 'N25' has no driver
WARNING:NgdBuild:452 - logical net 'N26' has no driver
WARNING:NgdBuild:452 - logical net 'N27' has no driver
WARNING:NgdBuild:452 - logical net 'N28' has no driver
WARNING:NgdBuild:452 - logical net 'N29' has no driver
WARNING:NgdBuild:452 - logical net 'N30' has no driver
WARNING:NgdBuild:452 - logical net 'N31' has no driver
WARNING:NgdBuild:452 - logical net 'N32' has no driver
WARNING:NgdBuild:452 - logical net 'N33' has no driver
WARNING:NgdBuild:452 - logical net 'N34' has no driver
WARNING:NgdBuild:452 - logical net 'N35' has no driver
WARNING:NgdBuild:452 - logical net 'N36' has no driver
WARNING:NgdBuild:452 - logical net 'N37' has no driver
WARNING:NgdBuild:452 - logical net 'N38' has no driver
WARNING:NgdBuild:452 - logical net 'N39' has no driver
WARNING:NgdBuild:452 - logical net 'N40' has no driver
WARNING:NgdBuild:452 - logical net 'N41' has no driver

Partition Implementation Status
-------------------------------

  No Partitions were found in this design.

-------------------------------

NGDBUILD Design Results Summary:
  Number of errors:     0
  Number of warnings: 104

Writing NGD file "system.ngd" ...
Total REAL time to NGDBUILD completion:  42 sec
Total CPU time to NGDBUILD completion:   40 sec

Writing NGDBUILD log file "system.bld"...

NGDBUILD done.



#----------------------------------------------#
# Starting program map
# map -o system_map.ncd -pr b -ol high -timing -detail system.ngd system.pcf 
#----------------------------------------------#
Release 14.7 - Map P.20131013 (lin64)
Copyright (c) 1995-2013 Xilinx, Inc.  All rights reserved.
PMSPEC -- Overriding Xilinx file
</opt/york/cs/net/xilinx_vivado-2015.4_ise-14.7_x86-64-1/14.7/ISE_DS/EDK/data/Xd
h_PrimTypeLib.xda> with local file
</opt/york/cs/net/xilinx_vivado-2015.4_ise-14.7_x86-64-1/14.7/ISE_DS/ISE/data/Xd
h_PrimTypeLib.xda>
Using target part "3s500efg320-4".
Mapping design into LUTs...
WARNING:MapLib:701 - Signal fpga_0_Ethernet_MAC_PHY_col_pin connected to top
   level port fpga_0_Ethernet_MAC_PHY_col_pin has been removed.
WARNING:MapLib:39 - The timing specification "MAXDELAY=3000 pS" on net
   "DDR_SDRAM/DDR_SDRAM/mpmc_core_0/gen_s3_ddr_phy.mpmc_phy_if_0/infrastructure/
   cal_top/tap_dly/flop1<1>" has been discarded, because the net was optimized
   out of the design.
WARNING:MapLib:39 - The timing specification "MAXDELAY=3000 pS" on net
   "DDR_SDRAM/DDR_SDRAM/mpmc_core_0/gen_s3_ddr_phy.mpmc_phy_if_0/infrastructure/
   cal_top/tap_dly/flop1<0>" has been discarded, because the net was optimized
   out of the design.
WARNING:MapLib:39 - The timing specification "MAXDELAY=3000 pS" on net
   "DDR_SDRAM/DDR_SDRAM/mpmc_core_0/gen_s3_ddr_phy.mpmc_phy_if_0/infrastructure/
   cal_top/tap_dly/flop1<11>" has been discarded, because the net was optimized
   out of the design.
WARNING:MapLib:39 - The timing specification "MAXDELAY=3000 pS" on net
   "DDR_SDRAM/DDR_SDRAM/mpmc_core_0/gen_s3_ddr_phy.mpmc_phy_if_0/infrastructure/
   cal_top/tap_dly/flop1<10>" has been discarded, because the net was optimized
   out of the design.
WARNING:MapLib:39 - The timing specification "MAXDELAY=3000 pS" on net
   "DDR_SDRAM/DDR_SDRAM/mpmc_core_0/gen_s3_ddr_phy.mpmc_phy_if_0/infrastructure/
   cal_top/tap_dly/flop1<12>" has been discarded, because the net was optimized
   out of the design.
WARNING:MapLib:39 - The timing specification "MAXDELAY=3000 pS" on net
   "DDR_SDRAM/DDR_SDRAM/mpmc_core_0/gen_s3_ddr_phy.mpmc_phy_if_0/infrastructure/
   cal_top/tap_dly/flop1<13>" has been discarded, because the net was optimized
   out of the design.
WARNING:MapLib:39 - The timing specification "MAXDELAY=3000 pS" on net
   "DDR_SDRAM/DDR_SDRAM/mpmc_core_0/gen_s3_ddr_phy.mpmc_phy_if_0/infrastructure/
   cal_top/tap_dly/flop1<14>" has been discarded, because the net was optimized
   out of the design.
WARNING:MapLib:39 - The timing specification "MAXDELAY=3000 pS" on net
   "DDR_SDRAM/DDR_SDRAM/mpmc_core_0/gen_s3_ddr_phy.mpmc_phy_if_0/infrastructure/
   cal_top/tap_dly/flop1<15>" has been discarded, because the net was optimized
   out of the design.
WARNING:MapLib:39 - The timing specification "MAXDELAY=3000 pS" on net
   "DDR_SDRAM/DDR_SDRAM/mpmc_core_0/gen_s3_ddr_phy.mpmc_phy_if_0/infrastructure/
   cal_top/tap_dly/flop1<16>" has been discarded, because the net was optimized
   out of the design.
WARNING:MapLib:39 - The timing specification "MAXDELAY=3000 pS" on net
   "DDR_SDRAM/DDR_SDRAM/mpmc_core_0/gen_s3_ddr_phy.mpmc_phy_if_0/infrastructure/
   cal_top/tap_dly/flop1<17>" has been discarded, because the net was optimized
   out of the design.
WARNING:MapLib:39 - The timing specification "MAXDELAY=3000 pS" on net
   "DDR_SDRAM/DDR_SDRAM/mpmc_core_0/gen_s3_ddr_phy.mpmc_phy_if_0/infrastructure/
   cal_top/tap_dly/flop1<18>" has been discarded, because the net was optimized
   out of the design.
WARNING:MapLib:39 - The timing specification "MAXDELAY=3000 pS" on net
   "DDR_SDRAM/DDR_SDRAM/mpmc_core_0/gen_s3_ddr_phy.mpmc_phy_if_0/infrastructure/
   cal_top/tap_dly/flop1<19>" has been discarded, because the net was optimized
   out of the design.
WARNING:MapLib:39 - The timing specification "MAXDELAY=3000 pS" on net
   "DDR_SDRAM/DDR_SDRAM/mpmc_core_0/gen_s3_ddr_phy.mpmc_phy_if_0/infrastructure/
   cal_top/tap_dly/flop1<20>" has been discarded, because the net was optimized
   out of the design.
WARNING:MapLib:39 - The timing specification "MAXDELAY=3000 pS" on net
   "DDR_SDRAM/DDR_SDRAM/mpmc_core_0/gen_s3_ddr_phy.mpmc_phy_if_0/infrastructure/
   cal_top/tap_dly/flop1<2>" has been discarded, because the net was optimized
   out of the design.
WARNING:MapLib:39 - The timing specification "MAXDELAY=3000 pS" on net
   "DDR_SDRAM/DDR_SDRAM/mpmc_core_0/gen_s3_ddr_phy.mpmc_phy_if_0/infrastructure/
   cal_top/tap_dly/flop1<21>" has been discarded, because the net was optimized
   out of the design.
WARNING:MapLib:39 - The timing specification "MAXDELAY=3000 pS" on net
   "DDR_SDRAM/DDR_SDRAM/mpmc_core_0/gen_s3_ddr_phy.mpmc_phy_if_0/infrastructure/
   cal_top/tap_dly/flop1<22>" has been discarded, because the net was optimized
   out of the design.
WARNING:MapLib:39 - The timing specification "MAXDELAY=3000 pS" on net
   "DDR_SDRAM/DDR_SDRAM/mpmc_core_0/gen_s3_ddr_phy.mpmc_phy_if_0/infrastructure/
   cal_top/tap_dly/flop1<23>" has been discarded, because the net was optimized
   out of the design.
WARNING:MapLib:39 - The timing specification "MAXDELAY=3000 pS" on net
   "DDR_SDRAM/DDR_SDRAM/mpmc_core_0/gen_s3_ddr_phy.mpmc_phy_if_0/infrastructure/
   cal_top/tap_dly/flop1<24>" has been discarded, because the net was optimized
   out of the design.
WARNING:MapLib:39 - The timing specification "MAXDELAY=3000 pS" on net
   "DDR_SDRAM/DDR_SDRAM/mpmc_core_0/gen_s3_ddr_phy.mpmc_phy_if_0/infrastructure/
   cal_top/tap_dly/flop1<25>" has been discarded, because the net was optimized
   out of the design.
WARNING:MapLib:39 - The timing specification "MAXDELAY=3000 pS" on net
   "DDR_SDRAM/DDR_SDRAM/mpmc_core_0/gen_s3_ddr_phy.mpmc_phy_if_0/infrastructure/
   cal_top/tap_dly/flop1<26>" has been discarded, because the net was optimized
   out of the design.
WARNING:MapLib:39 - The timing specification "MAXDELAY=3000 pS" on net
   "DDR_SDRAM/DDR_SDRAM/mpmc_core_0/gen_s3_ddr_phy.mpmc_phy_if_0/infrastructure/
   cal_top/tap_dly/flop1<27>" has been discarded, because the net was optimized
   out of the design.
WARNING:MapLib:39 - The timing specification "MAXDELAY=3000 pS" on net
   "DDR_SDRAM/DDR_SDRAM/mpmc_core_0/gen_s3_ddr_phy.mpmc_phy_if_0/infrastructure/
   cal_top/tap_dly/flop1<28>" has been discarded, because the net was optimized
   out of the design.
WARNING:MapLib:39 - The timing specification "MAXDELAY=3000 pS" on net
   "DDR_SDRAM/DDR_SDRAM/mpmc_core_0/gen_s3_ddr_phy.mpmc_phy_if_0/infrastructure/
   cal_top/tap_dly/flop1<29>" has been discarded, because the net was optimized
   out of the design.
WARNING:MapLib:39 - The timing specification "MAXDELAY=3000 pS" on net
   "DDR_SDRAM/DDR_SDRAM/mpmc_core_0/gen_s3_ddr_phy.mpmc_phy_if_0/infrastructure/
   cal_top/tap_dly/flop1<30>" has been discarded, because the net was optimized
   out of the design.
WARNING:MapLib:39 - The timing specification "MAXDELAY=3000 pS" on net
   "DDR_SDRAM/DDR_SDRAM/mpmc_core_0/gen_s3_ddr_phy.mpmc_phy_if_0/infrastructure/
   cal_top/tap_dly/flop1<3>" has been discarded, because the net was optimized
   out of the design.
WARNING:MapLib:39 - The timing specification "MAXDELAY=3000 pS" on net
   "DDR_SDRAM/DDR_SDRAM/mpmc_core_0/gen_s3_ddr_phy.mpmc_phy_if_0/infrastructure/
   cal_top/tap_dly/flop1<31>" has been discarded, because the net was optimized
   out of the design.
WARNING:MapLib:39 - The timing specification "MAXDELAY=3000 pS" on net
   "DDR_SDRAM/DDR_SDRAM/mpmc_core_0/gen_s3_ddr_phy.mpmc_phy_if_0/infrastructure/
   cal_top/tap_dly/flop1<4>" has been discarded, because the net was optimized
   out of the design.
WARNING:MapLib:39 - The timing specification "MAXDELAY=3000 pS" on net
   "DDR_SDRAM/DDR_SDRAM/mpmc_core_0/gen_s3_ddr_phy.mpmc_phy_if_0/infrastructure/
   cal_top/tap_dly/flop1<5>" has been discarded, because the net was optimized
   out of the design.
WARNING:MapLib:39 - The timing specification "MAXDELAY=3000 pS" on net
   "DDR_SDRAM/DDR_SDRAM/mpmc_core_0/gen_s3_ddr_phy.mpmc_phy_if_0/infrastructure/
   cal_top/tap_dly/flop1<6>" has been discarded, because the net was optimized
   out of the design.
WARNING:MapLib:39 - The timing specification "MAXDELAY=3000 pS" on net
   "DDR_SDRAM/DDR_SDRAM/mpmc_core_0/gen_s3_ddr_phy.mpmc_phy_if_0/infrastructure/
   cal_top/tap_dly/flop1<7>" has been discarded, because the net was optimized
   out of the design.
WARNING:MapLib:39 - The timing specification "MAXDELAY=3000 pS" on net
   "DDR_SDRAM/DDR_SDRAM/mpmc_core_0/gen_s3_ddr_phy.mpmc_phy_if_0/infrastructure/
   cal_top/tap_dly/flop1<8>" has been discarded, because the net was optimized
   out of the design.
WARNING:MapLib:39 - The timing specification "MAXDELAY=3000 pS" on net
   "DDR_SDRAM/DDR_SDRAM/mpmc_core_0/gen_s3_ddr_phy.mpmc_phy_if_0/infrastructure/
   cal_top/tap_dly/flop1<9>" has been discarded, because the net was optimized
   out of the design.
WARNING:MapLib:39 - The timing specification "MAXDELAY=200 pS" on net
   "DDR_SDRAM/DDR_SDRAM/mpmc_core_0/gen_s3_ddr_phy.mpmc_phy_if_0/data_path/data_
   read_controller/gen_dqs[1]..u_dqs_delay_col0/delay1" has been discarded,
   because the net was optimized out of the design.
WARNING:MapLib:39 - The timing specification "MAXDELAY=200 pS" on net
   "DDR_SDRAM/DDR_SDRAM/mpmc_core_0/gen_s3_ddr_phy.mpmc_phy_if_0/data_path/data_
   read_controller/gen_dqs[1]..u_dqs_delay_col1/delay1" has been discarded,
   because the net was optimized out of the design.
WARNING:MapLib:39 - The timing specification "MAXDELAY=200 pS" on net
   "DDR_SDRAM/DDR_SDRAM/mpmc_core_0/gen_s3_ddr_phy.mpmc_phy_if_0/data_path/data_
   read_controller/gen_dqs[0]..u_dqs_delay_col0/delay1" has been discarded,
   because the net was optimized out of the design.
WARNING:MapLib:39 - The timing specification "MAXDELAY=200 pS" on net
   "DDR_SDRAM/DDR_SDRAM/mpmc_core_0/gen_s3_ddr_phy.mpmc_phy_if_0/data_path/data_
   read_controller/gen_dqs[0]..u_dqs_delay_col1/delay1" has been discarded,
   because the net was optimized out of the design.
WARNING:MapLib:39 - The timing specification "MAXDELAY=2000 pS" on net
   "DDR_SDRAM/DDR_SDRAM/mpmc_core_0/gen_s3_ddr_phy.mpmc_phy_if_0/data_path/data_
   read_controller/.rst_dqs_div_delayed/delay3" has been discarded, because the
   net was optimized out of the design.
WARNING:MapLib:39 - The timing specification "MAXDELAY=2000 pS" on net
   "DDR_SDRAM/DDR_SDRAM/mpmc_core_0/gen_s3_ddr_phy.mpmc_phy_if_0/data_path/data_
   read_controller/.rst_dqs_div_delayed/delay4" has been discarded, because the
   net was optimized out of the design.
WARNING:MapLib:39 - The timing specification "MAXDELAY=2000 pS" on net
   "DDR_SDRAM/DDR_SDRAM/mpmc_core_0/gen_s3_ddr_phy.mpmc_phy_if_0/data_path/data_
   read_controller/.rst_dqs_div_delayed/delay1" has been discarded, because the
   net was optimized out of the design.
WARNING:MapLib:39 - The timing specification "MAXDELAY=2000 pS" on net
   "DDR_SDRAM/DDR_SDRAM/mpmc_core_0/gen_s3_ddr_phy.mpmc_phy_if_0/data_path/data_
   read_controller/.rst_dqs_div_delayed/delay2" has been discarded, because the
   net was optimized out of the design.
WARNING:MapLib:39 - The timing specification "MAXDELAY=400 pS" on net
   "DDR_SDRAM/DDR_SDRAM/mpmc_core_0/gen_s3_ddr_phy.mpmc_phy_if_0/infrastructure/
   cal_top/tap_dly/tap<7>" has been discarded, because the net was optimized out
   of the design.
WARNING:MapLib:39 - The timing specification "MAXDELAY=400 pS" on net
   "DDR_SDRAM/DDR_SDRAM/mpmc_core_0/gen_s3_ddr_phy.mpmc_phy_if_0/infrastructure/
   cal_top/tap_dly/tap<15>" has been discarded, because the net was optimized
   out of the design.
WARNING:MapLib:39 - The timing specification "MAXDELAY=400 pS" on net
   "DDR_SDRAM/DDR_SDRAM/mpmc_core_0/gen_s3_ddr_phy.mpmc_phy_if_0/infrastructure/
   cal_top/tap_dly/tap<23>" has been discarded, because the net was optimized
   out of the design.
Writing file system_map.ngm...
Running directed packing...
WARNING:Pack:266 - The function generator
   DDR_SDRAM/DDR_SDRAM/PLB_0_INST.plbv46_pim_0/comp_plbv46_pim/GENERATE_PLB_PLBV
   46_PIM.PIM_WRITE_MODULE/Mcount_pad_count_lut<2>1 failed to merge with F5
   multiplexer
   DDR_SDRAM/DDR_SDRAM/PLB_0_INST.plbv46_pim_0/comp_plbv46_pim/GENERATE_PLB_PLBV
   46_PIM.PIM_WRITE_MODULE/Mcount_pad_count_xor<2>11_f5.  There is a conflict
   for the FXMUX.  The design will exhibit suboptimal timing.
Running delay-based LUT packing...
Updating timing models...
Running timing-driven placement...
Total REAL time at the beginning of Placer: 25 secs 
Total CPU  time at the beginning of Placer: 22 secs 

Phase 1.1  Initial Placement Analysis
Phase 1.1  Initial Placement Analysis (Checksum:98236ac2) REAL time: 29 secs 

Phase 2.7  Design Feasibility Check
ERROR:Place:375 - The design does not fit in device.
    Total LUT Utilization      : 9740 out of 9312
    LUTs used as Logic         : 8931
    LUTs used as Memory        : 809
    FF Utilization             : 8041 out of 9312


Phase 2.7  Design Feasibility Check (Checksum:98236ac2) REAL time: 29 secs 

Total REAL time to Placer completion: 29 secs 
Total CPU  time to Placer completion: 25 secs 
ERROR:Pack:1654 - The timing-driven placement phase encountered an error.

Mapping completed.
See MAP report file "system_map.mrp" for details.
Problem encountered during the packing phase.

Design Summary
--------------
Number of errors   :   2
Number of warnings :  45
ERROR:Xflow - Program map returned error code 2. Aborting flow execution...
