13:08:18.058 INFO  - Processing command line option -hwspec /usr/userfs/a/az579/Workspace/EMBS/FPGA/P3/SDK/SDK_Export/hw/P3.xml. 
13:30:59.372 INFO  - Successfully generated /usr/userfs/a/az579/Workspace/EMBS/FPGA/P3/bla/src/lscript.ld. 
13:31:17.875 INFO  - FPGA configured successfully with bitstream "/usr/userfs/a/az579/Workspace/EMBS/FPGA/P3/P3_hw_platform/download.bit" 
13:34:08.570 INFO  - FPGA configured successfully with bitstream "/usr/userfs/a/az579/Workspace/EMBS/FPGA/P3/P3_hw_platform/download.bit" 
13:37:05.225 INFO  - FPGA configured successfully with bitstream "/usr/userfs/a/az579/Workspace/EMBS/FPGA/P3/P3_hw_platform/download.bit" 
13:43:20.755 INFO  - FPGA configured successfully with bitstream "/usr/userfs/a/az579/Workspace/EMBS/FPGA/P3/P3_hw_platform/download.bit" 
13:44:04.885 INFO  - FPGA configured successfully with bitstream "/usr/userfs/a/az579/Workspace/EMBS/FPGA/P3/P3_hw_platform/download.bit" 
13:47:27.390 INFO  - FPGA configured successfully with bitstream "/usr/userfs/a/az579/Workspace/EMBS/FPGA/P3/P3_hw_platform/download.bit" 
13:53:46.691 INFO  - FPGA configured successfully with bitstream "/usr/userfs/a/az579/Workspace/EMBS/FPGA/P3/P3_hw_platform/download.bit" 
13:55:42.247 INFO  - FPGA configured successfully with bitstream "/usr/userfs/a/az579/Workspace/EMBS/FPGA/P3/P3_hw_platform/download.bit" 
13:57:32.322 INFO  - FPGA configured successfully with bitstream "/usr/userfs/a/az579/Workspace/EMBS/FPGA/P3/P3_hw_platform/download.bit" 
13:59:16.038 INFO  - FPGA configured successfully with bitstream "/usr/userfs/a/az579/Workspace/EMBS/FPGA/P3/P3_hw_platform/download.bit" 
13:59:42.290 INFO  - FPGA configured successfully with bitstream "/usr/userfs/a/az579/Workspace/EMBS/FPGA/P3/P3_hw_platform/download.bit" 
14:01:04.580 INFO  - FPGA configured successfully with bitstream "/usr/userfs/a/az579/Workspace/EMBS/FPGA/P3/P3_hw_platform/download.bit" 
14:01:44.155 INFO  - FPGA configured successfully with bitstream "/usr/userfs/a/az579/Workspace/EMBS/FPGA/P3/P3_hw_platform/download.bit" 
14:02:21.623 INFO  - FPGA configured successfully with bitstream "/usr/userfs/a/az579/Workspace/EMBS/FPGA/P3/P3_hw_platform/download.bit" 
14:03:58.850 INFO  - FPGA configured successfully with bitstream "/usr/userfs/a/az579/Workspace/EMBS/FPGA/P3/P3_hw_platform/download.bit" 
14:06:33.222 INFO  - FPGA configured successfully with bitstream "/usr/userfs/a/az579/Workspace/EMBS/FPGA/P3/P3_hw_platform/download.bit" 
14:25:02.416 INFO  - FPGA configured successfully with bitstream "/usr/userfs/a/az579/Workspace/EMBS/FPGA/P3/P3_hw_platform/download.bit" 
14:25:34.101 INFO  - FPGA configured successfully with bitstream "/usr/userfs/a/az579/Workspace/EMBS/FPGA/P3/P3_hw_platform/download.bit" 
14:26:00.547 INFO  - FPGA configured successfully with bitstream "/usr/userfs/a/az579/Workspace/EMBS/FPGA/P3/P3_hw_platform/download.bit" 
14:27:42.654 INFO  - FPGA configured successfully with bitstream "/usr/userfs/a/az579/Workspace/EMBS/FPGA/P3/P3_hw_platform/download.bit" 
14:29:45.310 INFO  - FPGA configured successfully with bitstream "/usr/userfs/a/az579/Workspace/EMBS/FPGA/P3/P3_hw_platform/download.bit" 
14:31:13.648 INFO  - FPGA configured successfully with bitstream "/usr/userfs/a/az579/Workspace/EMBS/FPGA/P3/P3_hw_platform/download.bit" 
14:31:53.510 INFO  - FPGA configured successfully with bitstream "/usr/userfs/a/az579/Workspace/EMBS/FPGA/P3/P3_hw_platform/download.bit" 
14:32:40.555 INFO  - FPGA configured successfully with bitstream "/usr/userfs/a/az579/Workspace/EMBS/FPGA/P3/P3_hw_platform/download.bit" 
14:34:14.256 INFO  - FPGA configured successfully with bitstream "/usr/userfs/a/az579/Workspace/EMBS/FPGA/P3/P3_hw_platform/download.bit" 
14:35:52.714 INFO  - FPGA configured successfully with bitstream "/usr/userfs/a/az579/Workspace/EMBS/FPGA/P3/P3_hw_platform/download.bit" 
14:37:15.686 INFO  - FPGA configured successfully with bitstream "/usr/userfs/a/az579/Workspace/EMBS/FPGA/P3/P3_hw_platform/download.bit" 
15:01:23.001 ERROR - Unexpected error while parsing XMD response ￿: com.google.gson.JsonSyntaxException: com.google.gson.stream.MalformedJsonException: invalid number or unquoted string near  
10:16:13.305 INFO  - FPGA configured successfully with bitstream "/usr/userfs/a/az579/Workspace/EMBS/FPGA/P3/P3_hw_platform/download.bit" 
10:16:41.680 INFO  - FPGA configured successfully with bitstream "/usr/userfs/a/az579/Workspace/EMBS/FPGA/P3/P3_hw_platform/download.bit" 
10:23:14.701 ERROR - Unexpected error while parsing XMD response ￿: com.google.gson.JsonSyntaxException: com.google.gson.stream.MalformedJsonException: invalid number or unquoted string near  
12:13:14.915 INFO  - FPGA configured successfully with bitstream "/usr/userfs/a/az579/Workspace/EMBS/FPGA/P3/P3_hw_platform/download.bit" 
12:14:03.098 INFO  - FPGA configured successfully with bitstream "/usr/userfs/a/az579/Workspace/EMBS/FPGA/P3/P3_hw_platform/download.bit" 
12:15:02.921 INFO  - FPGA configured successfully with bitstream "/usr/userfs/a/az579/Workspace/EMBS/FPGA/P3/P3_hw_platform/download.bit" 
12:16:29.082 INFO  - FPGA configured successfully with bitstream "/usr/userfs/a/az579/Workspace/EMBS/FPGA/P3/P3_hw_platform/download.bit" 
12:20:27.048 INFO  - FPGA configured successfully with bitstream "/usr/userfs/a/az579/Workspace/EMBS/FPGA/P3/P3_hw_platform/download.bit" 
12:22:12.800 INFO  - FPGA configured successfully with bitstream "/usr/userfs/a/az579/Workspace/EMBS/FPGA/P3/P3_hw_platform/download.bit" 
12:25:38.639 INFO  - FPGA configured successfully with bitstream "/usr/userfs/a/az579/Workspace/EMBS/FPGA/P3/P3_hw_platform/download.bit" 
12:30:49.684 INFO  - FPGA configured successfully with bitstream "/usr/userfs/a/az579/Workspace/EMBS/FPGA/P3/P3_hw_platform/download.bit" 
12:31:53.394 INFO  - FPGA configured successfully with bitstream "/usr/userfs/a/az579/Workspace/EMBS/FPGA/P3/P3_hw_platform/download.bit" 
12:34:02.921 INFO  - FPGA configured successfully with bitstream "/usr/userfs/a/az579/Workspace/EMBS/FPGA/P3/P3_hw_platform/download.bit" 
12:34:23.998 INFO  - FPGA configured successfully with bitstream "/usr/userfs/a/az579/Workspace/EMBS/FPGA/P3/P3_hw_platform/download.bit" 
12:35:20.077 INFO  - FPGA configured successfully with bitstream "/usr/userfs/a/az579/Workspace/EMBS/FPGA/P3/P3_hw_platform/download.bit" 
12:37:49.449 INFO  - FPGA configured successfully with bitstream "/usr/userfs/a/az579/Workspace/EMBS/FPGA/P3/P3_hw_platform/download.bit" 
12:50:30.595 INFO  - FPGA configured successfully with bitstream "/usr/userfs/a/az579/Workspace/EMBS/FPGA/P3/P3_hw_platform/download.bit" 
12:51:40.097 INFO  - FPGA configured successfully with bitstream "/usr/userfs/a/az579/Workspace/EMBS/FPGA/P3/P3_hw_platform/download.bit" 
12:52:08.919 INFO  - FPGA configured successfully with bitstream "/usr/userfs/a/az579/Workspace/EMBS/FPGA/P3/P3_hw_platform/download.bit" 
12:52:54.094 INFO  - FPGA configured successfully with bitstream "/usr/userfs/a/az579/Workspace/EMBS/FPGA/P3/P3_hw_platform/download.bit" 
12:56:20.525 INFO  - FPGA configured successfully with bitstream "/usr/userfs/a/az579/Workspace/EMBS/FPGA/P3/P3_hw_platform/download.bit" 
12:59:16.406 INFO  - FPGA configured successfully with bitstream "/usr/userfs/a/az579/Workspace/EMBS/FPGA/P3/P3_hw_platform/download.bit" 
12:59:28.259 INFO  - FPGA configured successfully with bitstream "/usr/userfs/a/az579/Workspace/EMBS/FPGA/P3/P3_hw_platform/download.bit" 
13:00:07.978 INFO  - FPGA configured successfully with bitstream "/usr/userfs/a/az579/Workspace/EMBS/FPGA/P3/P3_hw_platform/download.bit" 
13:01:17.237 INFO  - FPGA configured successfully with bitstream "/usr/userfs/a/az579/Workspace/EMBS/FPGA/P3/P3_hw_platform/download.bit" 
13:03:43.933 INFO  - FPGA configured successfully with bitstream "/usr/userfs/a/az579/Workspace/EMBS/FPGA/P3/P3_hw_platform/download.bit" 
13:09:54.612 INFO  - FPGA configured successfully with bitstream "/usr/userfs/a/az579/Workspace/EMBS/FPGA/P3/P3_hw_platform/download.bit" 
13:10:21.730 INFO  - FPGA configured successfully with bitstream "/usr/userfs/a/az579/Workspace/EMBS/FPGA/P3/P3_hw_platform/download.bit" 
13:11:24.733 INFO  - FPGA configured successfully with bitstream "/usr/userfs/a/az579/Workspace/EMBS/FPGA/P3/P3_hw_platform/download.bit" 
13:11:39.415 INFO  - FPGA configured successfully with bitstream "/usr/userfs/a/az579/Workspace/EMBS/FPGA/P3/P3_hw_platform/download.bit" 
13:12:11.174 INFO  - FPGA configured successfully with bitstream "/usr/userfs/a/az579/Workspace/EMBS/FPGA/P3/P3_hw_platform/download.bit" 
13:13:37.997 INFO  - FPGA configured successfully with bitstream "/usr/userfs/a/az579/Workspace/EMBS/FPGA/P3/P3_hw_platform/download.bit" 
13:20:10.685 INFO  - FPGA configured successfully with bitstream "/usr/userfs/a/az579/Workspace/EMBS/FPGA/P3/P3_hw_platform/download.bit" 
13:20:45.743 INFO  - FPGA configured successfully with bitstream "/usr/userfs/a/az579/Workspace/EMBS/FPGA/P3/P3_hw_platform/download.bit" 
13:23:37.824 INFO  - FPGA configured successfully with bitstream "/usr/userfs/a/az579/Workspace/EMBS/FPGA/P3/P3_hw_platform/download.bit" 
13:25:46.061 INFO  - FPGA configured successfully with bitstream "/usr/userfs/a/az579/Workspace/EMBS/FPGA/P3/P3_hw_platform/download.bit" 
13:26:32.133 INFO  - FPGA configured successfully with bitstream "/usr/userfs/a/az579/Workspace/EMBS/FPGA/P3/P3_hw_platform/download.bit" 
13:27:18.756 INFO  - FPGA configured successfully with bitstream "/usr/userfs/a/az579/Workspace/EMBS/FPGA/P3/P3_hw_platform/download.bit" 
13:32:51.102 INFO  - FPGA configured successfully with bitstream "/usr/userfs/a/az579/Workspace/EMBS/FPGA/P3/P3_hw_platform/download.bit" 
13:52:05.246 ERROR - Unexpected error while parsing XMD response ￿: com.google.gson.JsonSyntaxException: com.google.gson.stream.MalformedJsonException: invalid number or unquoted string near  
11:58:16.285 ERROR - FPGA Configuration failed.Connection to Board Failed


    Failed to Open JTAG Cable
    Cable target is not connected to the host
 
11:58:40.026 ERROR - FPGA Configuration failed.Connection to Board Failed


    Failed to connect to Xilinx hw_server. Check if the
    hw_server is running and correct TCP port is used.
 
11:58:51.510 INFO  - FPGA configured successfully with bitstream "/usr/userfs/a/az579/Workspace/EMBS/FPGA/P3/P3_hw_platform/download.bit" 
12:01:05.894 INFO  - FPGA configured successfully with bitstream "/usr/userfs/a/az579/Workspace/EMBS/FPGA/P3/P3_hw_platform/download.bit" 
12:01:54.054 INFO  - FPGA configured successfully with bitstream "/usr/userfs/a/az579/Workspace/EMBS/FPGA/P3/P3_hw_platform/download.bit" 
12:02:13.516 INFO  - FPGA configured successfully with bitstream "/usr/userfs/a/az579/Workspace/EMBS/FPGA/P3/P3_hw_platform/download.bit" 
12:02:46.752 INFO  - FPGA configured successfully with bitstream "/usr/userfs/a/az579/Workspace/EMBS/FPGA/P3/P3_hw_platform/download.bit" 
12:04:18.598 INFO  - FPGA configured successfully with bitstream "/usr/userfs/a/az579/Workspace/EMBS/FPGA/P3/P3_hw_platform/download.bit" 
12:06:02.339 INFO  - FPGA configured successfully with bitstream "/usr/userfs/a/az579/Workspace/EMBS/FPGA/P3/P3_hw_platform/download.bit" 
12:06:40.601 INFO  - FPGA configured successfully with bitstream "/usr/userfs/a/az579/Workspace/EMBS/FPGA/P3/P3_hw_platform/download.bit" 
12:08:53.495 INFO  - FPGA configured successfully with bitstream "/usr/userfs/a/az579/Workspace/EMBS/FPGA/P3/P3_hw_platform/download.bit" 
12:10:00.305 INFO  - FPGA configured successfully with bitstream "/usr/userfs/a/az579/Workspace/EMBS/FPGA/P3/P3_hw_platform/download.bit" 
12:10:51.011 INFO  - FPGA configured successfully with bitstream "/usr/userfs/a/az579/Workspace/EMBS/FPGA/P3/P3_hw_platform/download.bit" 
12:14:20.931 INFO  - FPGA configured successfully with bitstream "/usr/userfs/a/az579/Workspace/EMBS/FPGA/P3/P3_hw_platform/download.bit" 
12:14:51.883 INFO  - FPGA configured successfully with bitstream "/usr/userfs/a/az579/Workspace/EMBS/FPGA/P3/P3_hw_platform/download.bit" 
12:24:07.863 INFO  - FPGA configured successfully with bitstream "/usr/userfs/a/az579/Workspace/EMBS/FPGA/P3/P3_hw_platform/download.bit" 
12:25:46.471 INFO  - FPGA configured successfully with bitstream "/usr/userfs/a/az579/Workspace/EMBS/FPGA/P3/P3_hw_platform/download.bit" 
12:33:10.750 INFO  - FPGA configured successfully with bitstream "/usr/userfs/a/az579/Workspace/EMBS/FPGA/P3/P3_hw_platform/download.bit" 
12:36:17.559 INFO  - FPGA configured successfully with bitstream "/usr/userfs/a/az579/Workspace/EMBS/FPGA/P3/P3_hw_platform/download.bit" 
12:42:30.066 INFO  - FPGA configured successfully with bitstream "/usr/userfs/a/az579/Workspace/EMBS/FPGA/P3/P3_hw_platform/download.bit" 
12:43:24.692 INFO  - FPGA configured successfully with bitstream "/usr/userfs/a/az579/Workspace/EMBS/FPGA/P3/P3_hw_platform/download.bit" 
12:46:12.498 INFO  - FPGA configured successfully with bitstream "/usr/userfs/a/az579/Workspace/EMBS/FPGA/P3/P3_hw_platform/download.bit" 
12:47:26.610 INFO  - FPGA configured successfully with bitstream "/usr/userfs/a/az579/Workspace/EMBS/FPGA/P3/P3_hw_platform/download.bit" 
12:51:38.883 INFO  - FPGA configured successfully with bitstream "/usr/userfs/a/az579/Workspace/EMBS/FPGA/P3/P3_hw_platform/download.bit" 
12:52:15.366 INFO  - FPGA configured successfully with bitstream "/usr/userfs/a/az579/Workspace/EMBS/FPGA/P3/P3_hw_platform/download.bit" 
12:54:12.454 INFO  - FPGA configured successfully with bitstream "/usr/userfs/a/az579/Workspace/EMBS/FPGA/P3/P3_hw_platform/download.bit" 
12:55:06.107 INFO  - FPGA configured successfully with bitstream "/usr/userfs/a/az579/Workspace/EMBS/FPGA/P3/P3_hw_platform/download.bit" 
12:55:56.483 INFO  - FPGA configured successfully with bitstream "/usr/userfs/a/az579/Workspace/EMBS/FPGA/P3/P3_hw_platform/download.bit" 
12:56:56.779 INFO  - FPGA configured successfully with bitstream "/usr/userfs/a/az579/Workspace/EMBS/FPGA/P3/P3_hw_platform/download.bit" 
12:57:32.185 INFO  - FPGA configured successfully with bitstream "/usr/userfs/a/az579/Workspace/EMBS/FPGA/P3/P3_hw_platform/download.bit" 
13:02:04.455 INFO  - FPGA configured successfully with bitstream "/usr/userfs/a/az579/Workspace/EMBS/FPGA/P3/P3_hw_platform/download.bit" 
13:03:25.987 INFO  - FPGA configured successfully with bitstream "/usr/userfs/a/az579/Workspace/EMBS/FPGA/P3/P3_hw_platform/download.bit" 
13:04:33.053 INFO  - FPGA configured successfully with bitstream "/usr/userfs/a/az579/Workspace/EMBS/FPGA/P3/P3_hw_platform/download.bit" 
13:04:58.895 INFO  - FPGA configured successfully with bitstream "/usr/userfs/a/az579/Workspace/EMBS/FPGA/P3/P3_hw_platform/download.bit" 
13:05:42.055 INFO  - FPGA configured successfully with bitstream "/usr/userfs/a/az579/Workspace/EMBS/FPGA/P3/P3_hw_platform/download.bit" 
13:06:33.102 INFO  - FPGA configured successfully with bitstream "/usr/userfs/a/az579/Workspace/EMBS/FPGA/P3/P3_hw_platform/download.bit" 
13:08:06.687 INFO  - FPGA configured successfully with bitstream "/usr/userfs/a/az579/Workspace/EMBS/FPGA/P3/P3_hw_platform/download.bit" 
13:11:17.162 INFO  - FPGA configured successfully with bitstream "/usr/userfs/a/az579/Workspace/EMBS/FPGA/P3/P3_hw_platform/download.bit" 
13:13:25.278 INFO  - FPGA configured successfully with bitstream "/usr/userfs/a/az579/Workspace/EMBS/FPGA/P3/P3_hw_platform/download.bit" 
13:13:48.935 INFO  - FPGA configured successfully with bitstream "/usr/userfs/a/az579/Workspace/EMBS/FPGA/P3/P3_hw_platform/download.bit" 
13:14:55.306 INFO  - FPGA configured successfully with bitstream "/usr/userfs/a/az579/Workspace/EMBS/FPGA/P3/P3_hw_platform/download.bit" 
13:17:50.101 INFO  - FPGA configured successfully with bitstream "/usr/userfs/a/az579/Workspace/EMBS/FPGA/P3/P3_hw_platform/download.bit" 
13:18:26.783 INFO  - FPGA configured successfully with bitstream "/usr/userfs/a/az579/Workspace/EMBS/FPGA/P3/P3_hw_platform/download.bit" 
13:18:40.721 INFO  - FPGA configured successfully with bitstream "/usr/userfs/a/az579/Workspace/EMBS/FPGA/P3/P3_hw_platform/download.bit" 
13:19:58.029 INFO  - FPGA configured successfully with bitstream "/usr/userfs/a/az579/Workspace/EMBS/FPGA/P3/P3_hw_platform/download.bit" 
13:20:33.390 INFO  - FPGA configured successfully with bitstream "/usr/userfs/a/az579/Workspace/EMBS/FPGA/P3/P3_hw_platform/download.bit" 
13:21:27.959 INFO  - FPGA configured successfully with bitstream "/usr/userfs/a/az579/Workspace/EMBS/FPGA/P3/P3_hw_platform/download.bit" 
13:29:36.449 INFO  - FPGA configured successfully with bitstream "/usr/userfs/a/az579/Workspace/EMBS/FPGA/P3/P3_hw_platform/download.bit" 
13:32:05.118 INFO  - FPGA configured successfully with bitstream "/usr/userfs/a/az579/Workspace/EMBS/FPGA/P3/P3_hw_platform/download.bit" 
13:33:33.242 INFO  - FPGA configured successfully with bitstream "/usr/userfs/a/az579/Workspace/EMBS/FPGA/P3/P3_hw_platform/download.bit" 
13:35:29.734 INFO  - FPGA configured successfully with bitstream "/usr/userfs/a/az579/Workspace/EMBS/FPGA/P3/P3_hw_platform/download.bit" 
13:36:08.102 INFO  - FPGA configured successfully with bitstream "/usr/userfs/a/az579/Workspace/EMBS/FPGA/P3/P3_hw_platform/download.bit" 
13:36:33.939 INFO  - FPGA configured successfully with bitstream "/usr/userfs/a/az579/Workspace/EMBS/FPGA/P3/P3_hw_platform/download.bit" 
13:37:50.551 INFO  - FPGA configured successfully with bitstream "/usr/userfs/a/az579/Workspace/EMBS/FPGA/P3/P3_hw_platform/download.bit" 
13:41:31.541 INFO  - FPGA configured successfully with bitstream "/usr/userfs/a/az579/Workspace/EMBS/FPGA/P3/P3_hw_platform/download.bit" 
13:41:57.465 ERROR - Unexpected error while parsing XMD response ￿: com.google.gson.JsonSyntaxException: com.google.gson.stream.MalformedJsonException: invalid number or unquoted string near  
12:45:53.940 INFO  - FPGA configured successfully with bitstream "/usr/userfs/a/az579/Workspace/EMBS/FPGA/P3/P3_hw_platform/download.bit" 
12:50:20.017 INFO  - FPGA configured successfully with bitstream "/usr/userfs/a/az579/Workspace/EMBS/FPGA/P3/P3_hw_platform/download.bit" 
12:51:47.897 INFO  - FPGA configured successfully with bitstream "/usr/userfs/a/az579/Workspace/EMBS/FPGA/P3/P3_hw_platform/download.bit" 
12:53:50.064 ERROR - Unexpected error while parsing XMD response ￿: com.google.gson.JsonSyntaxException: com.google.gson.stream.MalformedJsonException: invalid number or unquoted string near  
